#! /c/Source/iverilog-install/bin/vvp
:ivl_version "12.0 (devel)" "(s20150603-1539-g2693dd32b)";
:ivl_delay_selection "TYPICAL";
:vpi_time_precision - 12;
:vpi_module "C:\iverilog\lib\ivl\system.vpi";
:vpi_module "C:\iverilog\lib\ivl\vhdl_sys.vpi";
:vpi_module "C:\iverilog\lib\ivl\vhdl_textio.vpi";
:vpi_module "C:\iverilog\lib\ivl\v2005_math.vpi";
:vpi_module "C:\iverilog\lib\ivl\va_math.vpi";
S_0000019f064af2c0 .scope module, "main_tb" "main_tb" 2 3;
 .timescale -9 -12;
v0000019f06503310_0 .var "addr", 1 0;
v0000019f065043f0_0 .var "clk", 0 0;
v0000019f06502b90_0 .var "data", 7 0;
v0000019f06504a30_0 .net "rData", 7 0, v0000019f064b01b0_0;  1 drivers
v0000019f065045d0_0 .var "read", 0 0;
v0000019f065033b0_0 .var "rst", 0 0;
v0000019f06504670_0 .net "txBit", 0 0, v0000019f06501080_0;  1 drivers
v0000019f065036d0_0 .var "write", 0 0;
E_0000019f064ae6a0 .event posedge, v0000019f064b0250_0;
S_0000019f06474df0 .scope module, "m1" "main" 2 13, 3 1 0, S_0000019f064af2c0;
 .timescale -9 -12;
    .port_info 0 /INPUT 1 "clk";
    .port_info 1 /INPUT 1 "rst";
    .port_info 2 /INPUT 2 "addr";
    .port_info 3 /INPUT 8 "data";
    .port_info 4 /INPUT 1 "rxBit";
    .port_info 5 /INPUT 1 "write";
    .port_info 6 /INPUT 1 "read";
    .port_info 7 /OUTPUT 1 "txBit";
    .port_info 8 /OUTPUT 8 "rData";
v0000019f06502840_0 .net "addr", 1 0, v0000019f06503310_0;  1 drivers
v0000019f06501c60_0 .net "baudHigh", 7 0, v0000019f064aff30_0;  1 drivers
v0000019f06502980_0 .net "baudLow", 7 0, v0000019f064b0390_0;  1 drivers
v0000019f06500c20_0 .net "baudTick", 0 0, v0000019f064b0430_0;  1 drivers
v0000019f06501b20_0 .net "clk", 0 0, v0000019f065043f0_0;  1 drivers
v0000019f065014e0_0 .net "ctrl", 7 0, v0000019f064afc10_0;  1 drivers
v0000019f06501580_0 .net "data", 7 0, v0000019f06502b90_0;  1 drivers
v0000019f06501620_0 .net "rData", 7 0, v0000019f064b01b0_0;  alias, 1 drivers
v0000019f06501d00_0 .net "read", 0 0, v0000019f065045d0_0;  1 drivers
v0000019f06501da0_0 .net "rst", 0 0, v0000019f065033b0_0;  1 drivers
v0000019f065016c0_0 .net "rxBit", 0 0, v0000019f06501080_0;  alias, 1 drivers
v0000019f06501e40_0 .net "rxBusy", 0 0, v0000019f065027a0_0;  1 drivers
v0000019f06501760_0 .net "rxData", 7 0, v0000019f065028e0_0;  1 drivers
v0000019f065018a0_0 .net "rxDone", 0 0, v0000019f06500e00_0;  1 drivers
v0000019f06501f80_0 .net "rxError", 0 0, v0000019f065023e0_0;  1 drivers
v0000019f06502020_0 .net "txBit", 0 0, v0000019f06501080_0;  alias, 1 drivers
v0000019f06502200_0 .net "txBusy", 0 0, v0000019f06500f40_0;  1 drivers
v0000019f064afd50_0 .net "txData", 7 0, v0000019f064b0570_0;  1 drivers
v0000019f06504170_0 .net "txDone", 0 0, v0000019f065022a0_0;  1 drivers
v0000019f06502eb0_0 .net "txStart", 0 0, v0000019f06500b80_0;  1 drivers
v0000019f065040d0_0 .net "write", 0 0, v0000019f065036d0_0;  1 drivers
L_0000019f065031d0 .part v0000019f064afc10_0, 0, 1;
L_0000019f06504490 .part v0000019f064afc10_0, 1, 1;
L_0000019f065047b0 .part v0000019f064afc10_0, 2, 1;
S_0000019f06478fd0 .scope module, "b1" "baudGen" 3 18, 4 1 0, S_0000019f06474df0;
 .timescale -9 -12;
    .port_info 0 /INPUT 1 "clk";
    .port_info 1 /INPUT 1 "rst";
    .port_info 2 /INPUT 1 "baudEn";
    .port_info 3 /INPUT 8 "baudLow";
    .port_info 4 /INPUT 8 "baudHigh";
    .port_info 5 /OUTPUT 1 "baudTick";
v0000019f064afa30_0 .net "baudEn", 0 0, L_0000019f065031d0;  1 drivers
v0000019f064affd0_0 .net "baudHigh", 7 0, v0000019f064aff30_0;  alias, 1 drivers
v0000019f064af990_0 .net "baudLow", 7 0, v0000019f064b0390_0;  alias, 1 drivers
v0000019f064b0430_0 .var "baudTick", 0 0;
v0000019f064b0250_0 .net "clk", 0 0, v0000019f065043f0_0;  alias, 1 drivers
v0000019f064b04d0_0 .net "clkDiv", 15 0, L_0000019f06503ef0;  1 drivers
v0000019f064afad0_0 .var "counter", 15 0;
v0000019f064afb70_0 .net "rst", 0 0, v0000019f065033b0_0;  alias, 1 drivers
E_0000019f064ae360 .event posedge, v0000019f064afb70_0, v0000019f064b0250_0;
L_0000019f06503ef0 .concat [ 8 8 0 0], v0000019f064b0390_0, v0000019f064aff30_0;
S_0000019f06479160 .scope module, "r1" "registers" 3 16, 5 1 0, S_0000019f06474df0;
 .timescale -9 -12;
    .port_info 0 /INPUT 1 "clk";
    .port_info 1 /INPUT 1 "rst";
    .port_info 2 /INPUT 1 "write";
    .port_info 3 /INPUT 1 "read";
    .port_info 4 /INPUT 2 "addr";
    .port_info 5 /INPUT 8 "data";
    .port_info 6 /INPUT 8 "RX_DATA";
    .port_info 7 /INPUT 1 "rxBusy";
    .port_info 8 /INPUT 1 "rxDone";
    .port_info 9 /INPUT 1 "txDone";
    .port_info 10 /INPUT 1 "rxError";
    .port_info 11 /INPUT 1 "txBusy";
    .port_info 12 /OUTPUT 8 "TX_DATA";
    .port_info 13 /OUTPUT 8 "DIV_LOW";
    .port_info 14 /OUTPUT 8 "DIV_HIGH";
    .port_info 15 /OUTPUT 8 "CTRL";
    .port_info 16 /OUTPUT 8 "readData";
    .port_info 17 /OUTPUT 1 "txStart";
v0000019f064afc10_0 .var "CTRL", 7 0;
v0000019f064aff30_0 .var "DIV_HIGH", 7 0;
v0000019f064b0390_0 .var "DIV_LOW", 7 0;
v0000019f064b02f0_0 .net "RX_DATA", 7 0, v0000019f065028e0_0;  alias, 1 drivers
v0000019f064af850_0 .net "STS", 7 0, L_0000019f06504210;  1 drivers
v0000019f064b0570_0 .var "TX_DATA", 7 0;
L_0000019f06530088 .functor BUFT 1, C4<00>, C4<0>, C4<0>, C4<0>;
v0000019f064af8f0_0 .net/2u *"_ivl_0", 1 0, L_0000019f06530088;  1 drivers
v0000019f064afdf0_0 .net "addr", 1 0, v0000019f06503310_0;  alias, 1 drivers
v0000019f064af670_0 .net "clk", 0 0, v0000019f065043f0_0;  alias, 1 drivers
v0000019f064afe90_0 .net "data", 7 0, v0000019f06502b90_0;  alias, 1 drivers
v0000019f064b0070_0 .net "read", 0 0, v0000019f065045d0_0;  alias, 1 drivers
v0000019f064b01b0_0 .var "readData", 7 0;
v0000019f064af710_0 .net "rst", 0 0, v0000019f065033b0_0;  alias, 1 drivers
v0000019f064af7b0_0 .net "rxBusy", 0 0, v0000019f065027a0_0;  alias, 1 drivers
v0000019f065019e0_0 .var "rxDataReady", 0 0;
v0000019f06500cc0_0 .net "rxDone", 0 0, v0000019f06500e00_0;  alias, 1 drivers
v0000019f06502160_0 .net "rxError", 0 0, v0000019f065023e0_0;  alias, 1 drivers
v0000019f06502700_0 .net "txBusy", 0 0, v0000019f06500f40_0;  alias, 1 drivers
v0000019f06501120_0 .net "txDone", 0 0, v0000019f065022a0_0;  alias, 1 drivers
v0000019f06500b80_0 .var "txStart", 0 0;
v0000019f06502a20_0 .net "write", 0 0, v0000019f065036d0_0;  alias, 1 drivers
LS_0000019f06504210_0_0 .concat [ 1 1 1 1], v0000019f06500f40_0, v0000019f065022a0_0, v0000019f065027a0_0, v0000019f06500e00_0;
LS_0000019f06504210_0_4 .concat [ 1 1 2 0], v0000019f065023e0_0, v0000019f065019e0_0, L_0000019f06530088;
L_0000019f06504210 .concat [ 4 4 0 0], LS_0000019f06504210_0_0, LS_0000019f06504210_0_4;
S_0000019f06480480 .scope module, "r2" "receiver" 3 22, 6 1 0, S_0000019f06474df0;
 .timescale -9 -12;
    .port_info 0 /INPUT 1 "clk";
    .port_info 1 /INPUT 1 "rst";
    .port_info 2 /INPUT 1 "rxBit";
    .port_info 3 /INPUT 1 "rxEn";
    .port_info 4 /INPUT 8 "baudLow";
    .port_info 5 /INPUT 8 "baudHigh";
    .port_info 6 /OUTPUT 8 "rxData";
    .port_info 7 /OUTPUT 1 "rxBusy";
    .port_info 8 /OUTPUT 1 "rxDone";
    .port_info 9 /OUTPUT 1 "rxError";
v0000019f065011c0_0 .net "baudHigh", 7 0, v0000019f064aff30_0;  alias, 1 drivers
v0000019f06502340_0 .net "baudLow", 7 0, v0000019f064b0390_0;  alias, 1 drivers
v0000019f06501ee0_0 .var "bitCount", 3 0;
v0000019f06501bc0_0 .net "clk", 0 0, v0000019f065043f0_0;  alias, 1 drivers
v0000019f06501260_0 .net "clkDiv", 15 0, L_0000019f06503950;  1 drivers
v0000019f06502480_0 .var "counter", 15 0;
v0000019f06501940_0 .net "rst", 0 0, v0000019f065033b0_0;  alias, 1 drivers
v0000019f06501300_0 .net "rxBit", 0 0, v0000019f06501080_0;  alias, 1 drivers
v0000019f065027a0_0 .var "rxBusy", 0 0;
v0000019f065028e0_0 .var "rxData", 7 0;
v0000019f06500e00_0 .var "rxDone", 0 0;
v0000019f06501440_0 .net "rxEn", 0 0, L_0000019f065047b0;  1 drivers
v0000019f065023e0_0 .var "rxError", 0 0;
L_0000019f06503950 .concat [ 8 8 0 0], v0000019f064b0390_0, v0000019f064aff30_0;
S_0000019f06480610 .scope module, "t1" "transmitter" 3 20, 7 1 0, S_0000019f06474df0;
 .timescale -9 -12;
    .port_info 0 /INPUT 1 "clk";
    .port_info 1 /INPUT 1 "rst";
    .port_info 2 /INPUT 1 "baudTick";
    .port_info 3 /INPUT 1 "txStart";
    .port_info 4 /INPUT 1 "txEn";
    .port_info 5 /INPUT 8 "data";
    .port_info 6 /OUTPUT 1 "txBit";
    .port_info 7 /OUTPUT 1 "txBusy";
    .port_info 8 /OUTPUT 1 "txDone";
v0000019f06502520_0 .net "baudTick", 0 0, v0000019f064b0430_0;  alias, 1 drivers
v0000019f065025c0_0 .var "bitCount", 3 0;
v0000019f06502660_0 .net "clk", 0 0, v0000019f065043f0_0;  alias, 1 drivers
v0000019f065020c0_0 .net "data", 7 0, v0000019f064b0570_0;  alias, 1 drivers
v0000019f06500d60_0 .var "frame", 9 0;
v0000019f06501a80_0 .net "rst", 0 0, v0000019f065033b0_0;  alias, 1 drivers
v0000019f06501080_0 .var "txBit", 0 0;
v0000019f06500f40_0 .var "txBusy", 0 0;
v0000019f065022a0_0 .var "txDone", 0 0;
v0000019f06500fe0_0 .net "txEn", 0 0, L_0000019f06504490;  1 drivers
v0000019f065013a0_0 .net "txStart", 0 0, v0000019f06500b80_0;  alias, 1 drivers
    .scope S_0000019f06479160;
T_0 ;
    %wait E_0000019f064ae360;
    %load/vec4 v0000019f064af710_0;
    %flag_set/vec4 8;
    %jmp/0xz  T_0.0, 8;
    %pushi/vec4 0, 0, 8;
    %assign/vec4 v0000019f064b0570_0, 0;
    %pushi/vec4 0, 0, 8;
    %assign/vec4 v0000019f064b0390_0, 0;
    %pushi/vec4 0, 0, 8;
    %assign/vec4 v0000019f064aff30_0, 0;
    %pushi/vec4 0, 0, 8;
    %assign/vec4 v0000019f064afc10_0, 0;
    %pushi/vec4 0, 0, 8;
    %assign/vec4 v0000019f064b01b0_0, 0;
    %pushi/vec4 0, 0, 1;
    %assign/vec4 v0000019f06500b80_0, 0;
    %pushi/vec4 0, 0, 1;
    %assign/vec4 v0000019f065019e0_0, 0;
    %jmp T_0.1;
T_0.0 ;
    %load/vec4 v0000019f06500cc0_0;
    %flag_set/vec4 8;
    %jmp/0xz  T_0.2, 8;
    %pushi/vec4 1, 0, 1;
    %assign/vec4 v0000019f065019e0_0, 0;
    %jmp T_0.3;
T_0.2 ;
    %load/vec4 v0000019f064b0070_0;
    %flag_set/vec4 9;
    %flag_get/vec4 9;
    %jmp/0 T_0.6, 9;
    %load/vec4 v0000019f064afdf0_0;
    %pushi/vec4 0, 0, 2;
    %cmp/e;
    %flag_get/vec4 4;
    %and;
T_0.6;
    %flag_set/vec4 8;
    %jmp/0xz  T_0.4, 8;
    %pushi/vec4 0, 0, 1;
    %assign/vec4 v0000019f065019e0_0, 0;
T_0.4 ;
T_0.3 ;
    %pushi/vec4 0, 0, 1;
    %assign/vec4 v0000019f06500b80_0, 0;
    %load/vec4 v0000019f06502a20_0;
    %flag_set/vec4 8;
    %jmp/0xz  T_0.7, 8;
    %load/vec4 v0000019f064afdf0_0;
    %dup/vec4;
    %pushi/vec4 0, 0, 2;
    %cmp/u;
    %jmp/1 T_0.9, 6;
    %dup/vec4;
    %pushi/vec4 1, 0, 2;
    %cmp/u;
    %jmp/1 T_0.10, 6;
    %dup/vec4;
    %pushi/vec4 2, 0, 2;
    %cmp/u;
    %jmp/1 T_0.11, 6;
    %dup/vec4;
    %pushi/vec4 3, 0, 2;
    %cmp/u;
    %jmp/1 T_0.12, 6;
    %jmp T_0.14;
T_0.9 ;
    %load/vec4 v0000019f06502700_0;
    %nor/r;
    %flag_set/vec4 8;
    %jmp/0xz  T_0.15, 8;
    %load/vec4 v0000019f064afe90_0;
    %assign/vec4 v0000019f064b0570_0, 0;
    %pushi/vec4 1, 0, 1;
    %assign/vec4 v0000019f06500b80_0, 0;
T_0.15 ;
    %jmp T_0.14;
T_0.10 ;
    %load/vec4 v0000019f064afe90_0;
    %assign/vec4 v0000019f064b0390_0, 0;
    %jmp T_0.14;
T_0.11 ;
    %load/vec4 v0000019f064afe90_0;
    %assign/vec4 v0000019f064aff30_0, 0;
    %jmp T_0.14;
T_0.12 ;
    %load/vec4 v0000019f064afe90_0;
    %assign/vec4 v0000019f064afc10_0, 0;
    %jmp T_0.14;
T_0.14 ;
    %pop/vec4 1;
    %jmp T_0.8;
T_0.7 ;
    %load/vec4 v0000019f064b0070_0;
    %flag_set/vec4 8;
    %jmp/0xz  T_0.17, 8;
    %load/vec4 v0000019f064afdf0_0;
    %dup/vec4;
    %pushi/vec4 0, 0, 2;
    %cmp/u;
    %jmp/1 T_0.19, 6;
    %dup/vec4;
    %pushi/vec4 1, 0, 2;
    %cmp/u;
    %jmp/1 T_0.20, 6;
    %dup/vec4;
    %pushi/vec4 2, 0, 2;
    %cmp/u;
    %jmp/1 T_0.21, 6;
    %dup/vec4;
    %pushi/vec4 3, 0, 2;
    %cmp/u;
    %jmp/1 T_0.22, 6;
    %pushi/vec4 0, 0, 8;
    %assign/vec4 v0000019f064b01b0_0, 0;
    %jmp T_0.24;
T_0.19 ;
    %load/vec4 v0000019f064b02f0_0;
    %assign/vec4 v0000019f064b01b0_0, 0;
    %jmp T_0.24;
T_0.20 ;
    %load/vec4 v0000019f064b0390_0;
    %assign/vec4 v0000019f064b01b0_0, 0;
    %jmp T_0.24;
T_0.21 ;
    %load/vec4 v0000019f064aff30_0;
    %assign/vec4 v0000019f064b01b0_0, 0;
    %jmp T_0.24;
T_0.22 ;
    %load/vec4 v0000019f064af850_0;
    %assign/vec4 v0000019f064b01b0_0, 0;
    %jmp T_0.24;
T_0.24 ;
    %pop/vec4 1;
T_0.17 ;
T_0.8 ;
T_0.1 ;
    %jmp T_0;
    .thread T_0;
    .scope S_0000019f06478fd0;
T_1 ;
    %wait E_0000019f064ae360;
    %load/vec4 v0000019f064afb70_0;
    %flag_set/vec4 8;
    %jmp/0xz  T_1.0, 8;
    %pushi/vec4 0, 0, 16;
    %assign/vec4 v0000019f064afad0_0, 0;
    %pushi/vec4 0, 0, 1;
    %assign/vec4 v0000019f064b0430_0, 0;
    %jmp T_1.1;
T_1.0 ;
    %load/vec4 v0000019f064b04d0_0;
    %pad/u 32;
    %cmpi/e 0, 0, 32;
    %jmp/1 T_1.4, 4;
    %flag_mov 8, 4;
    %load/vec4 v0000019f064afa30_0;
    %nor/r;
    %flag_set/vec4 9;
    %flag_or 9, 8;
    %flag_mov 4, 9;
T_1.4;
    %jmp/0xz  T_1.2, 4;
    %pushi/vec4 0, 0, 16;
    %assign/vec4 v0000019f064afad0_0, 0;
    %pushi/vec4 0, 0, 1;
    %assign/vec4 v0000019f064b0430_0, 0;
    %jmp T_1.3;
T_1.2 ;
    %load/vec4 v0000019f064afad0_0;
    %pad/u 32;
    %load/vec4 v0000019f064b04d0_0;
    %pad/u 32;
    %subi 1, 0, 32;
    %cmp/e;
    %jmp/0xz  T_1.5, 4;
    %pushi/vec4 1, 0, 1;
    %assign/vec4 v0000019f064b0430_0, 0;
    %pushi/vec4 0, 0, 16;
    %assign/vec4 v0000019f064afad0_0, 0;
    %jmp T_1.6;
T_1.5 ;
    %load/vec4 v0000019f064afad0_0;
    %addi 1, 0, 16;
    %assign/vec4 v0000019f064afad0_0, 0;
    %pushi/vec4 0, 0, 1;
    %assign/vec4 v0000019f064b0430_0, 0;
T_1.6 ;
T_1.3 ;
T_1.1 ;
    %jmp T_1;
    .thread T_1;
    .scope S_0000019f06480610;
T_2 ;
    %wait E_0000019f064ae360;
    %load/vec4 v0000019f06501a80_0;
    %flag_set/vec4 8;
    %jmp/0xz  T_2.0, 8;
    %pushi/vec4 1, 0, 1;
    %assign/vec4 v0000019f06501080_0, 0;
    %pushi/vec4 0, 0, 1;
    %assign/vec4 v0000019f065022a0_0, 0;
    %pushi/vec4 0, 0, 1;
    %assign/vec4 v0000019f06500f40_0, 0;
    %pushi/vec4 0, 0, 4;
    %assign/vec4 v0000019f065025c0_0, 0;
    %pushi/vec4 0, 0, 10;
    %assign/vec4 v0000019f06500d60_0, 0;
    %jmp T_2.1;
T_2.0 ;
    %pushi/vec4 0, 0, 1;
    %assign/vec4 v0000019f065022a0_0, 0;
    %load/vec4 v0000019f065013a0_0;
    %flag_set/vec4 10;
    %flag_get/vec4 10;
    %jmp/0 T_2.5, 10;
    %load/vec4 v0000019f06500fe0_0;
    %and;
T_2.5;
    %flag_set/vec4 9;
    %flag_get/vec4 9;
    %jmp/0 T_2.4, 9;
    %load/vec4 v0000019f06500f40_0;
    %nor/r;
    %and;
T_2.4;
    %flag_set/vec4 8;
    %jmp/0xz  T_2.2, 8;
    %pushi/vec4 1, 0, 1;
    %load/vec4 v0000019f065020c0_0;
    %concat/vec4; draw_concat_vec4
    %concati/vec4 0, 0, 1;
    %assign/vec4 v0000019f06500d60_0, 0;
    %pushi/vec4 0, 0, 4;
    %assign/vec4 v0000019f065025c0_0, 0;
    %pushi/vec4 1, 0, 1;
    %assign/vec4 v0000019f06500f40_0, 0;
    %pushi/vec4 1, 0, 1;
    %assign/vec4 v0000019f06501080_0, 0;
    %jmp T_2.3;
T_2.2 ;
    %load/vec4 v0000019f06500f40_0;
    %flag_set/vec4 9;
    %flag_get/vec4 9;
    %jmp/0 T_2.8, 9;
    %load/vec4 v0000019f06502520_0;
    %and;
T_2.8;
    %flag_set/vec4 8;
    %jmp/0xz  T_2.6, 8;
    %load/vec4 v0000019f065025c0_0;
    %pad/u 32;
    %cmpi/e 9, 0, 32;
    %jmp/0xz  T_2.9, 4;
    %load/vec4 v0000019f06500d60_0;
    %parti/s 1, 0, 2;
    %assign/vec4 v0000019f06501080_0, 0;
    %pushi/vec4 0, 0, 10;
    %assign/vec4 v0000019f06500d60_0, 0;
    %pushi/vec4 0, 0, 4;
    %assign/vec4 v0000019f065025c0_0, 0;
    %pushi/vec4 0, 0, 1;
    %assign/vec4 v0000019f06500f40_0, 0;
    %pushi/vec4 1, 0, 1;
    %assign/vec4 v0000019f065022a0_0, 0;
    %jmp T_2.10;
T_2.9 ;
    %load/vec4 v0000019f06500d60_0;
    %parti/s 1, 0, 2;
    %assign/vec4 v0000019f06501080_0, 0;
    %load/vec4 v0000019f06500d60_0;
    %ix/load 4, 1, 0;
    %flag_set/imm 4, 0;
    %shiftr 4;
    %assign/vec4 v0000019f06500d60_0, 0;
    %load/vec4 v0000019f065025c0_0;
    %addi 1, 0, 4;
    %assign/vec4 v0000019f065025c0_0, 0;
T_2.10 ;
T_2.6 ;
T_2.3 ;
T_2.1 ;
    %jmp T_2;
    .thread T_2;
    .scope S_0000019f06480480;
T_3 ;
    %wait E_0000019f064ae360;
    %load/vec4 v0000019f06501940_0;
    %flag_set/vec4 8;
    %jmp/0xz  T_3.0, 8;
    %pushi/vec4 0, 0, 4;
    %assign/vec4 v0000019f06501ee0_0, 0;
    %pushi/vec4 0, 0, 16;
    %assign/vec4 v0000019f06502480_0, 0;
    %pushi/vec4 0, 0, 1;
    %assign/vec4 v0000019f065027a0_0, 0;
    %pushi/vec4 0, 0, 1;
    %assign/vec4 v0000019f06500e00_0, 0;
    %pushi/vec4 0, 0, 1;
    %assign/vec4 v0000019f065023e0_0, 0;
    %pushi/vec4 0, 0, 8;
    %assign/vec4 v0000019f065028e0_0, 0;
    %jmp T_3.1;
T_3.0 ;
    %pushi/vec4 0, 0, 1;
    %assign/vec4 v0000019f06500e00_0, 0;
    %pushi/vec4 0, 0, 1;
    %assign/vec4 v0000019f065023e0_0, 0;
    %load/vec4 v0000019f06501440_0;
    %flag_set/vec4 10;
    %flag_get/vec4 10;
    %jmp/0 T_3.5, 10;
    %load/vec4 v0000019f065027a0_0;
    %nor/r;
    %and;
T_3.5;
    %flag_set/vec4 9;
    %flag_get/vec4 9;
    %jmp/0 T_3.4, 9;
    %load/vec4 v0000019f06501300_0;
    %nor/r;
    %and;
T_3.4;
    %flag_set/vec4 8;
    %jmp/0xz  T_3.2, 8;
    %pushi/vec4 0, 0, 4;
    %assign/vec4 v0000019f06501ee0_0, 0;
    %pushi/vec4 1, 0, 1;
    %assign/vec4 v0000019f065027a0_0, 0;
    %pushi/vec4 0, 0, 16;
    %assign/vec4 v0000019f06502480_0, 0;
    %jmp T_3.3;
T_3.2 ;
    %load/vec4 v0000019f065027a0_0;
    %flag_set/vec4 8;
    %jmp/0xz  T_3.6, 8;
    %load/vec4 v0000019f06501260_0;
    %pad/u 32;
    %cmpi/ne 0, 0, 32;
    %jmp/0xz  T_3.8, 4;
    %load/vec4 v0000019f06501ee0_0;
    %cmpi/e 0, 0, 4;
    %jmp/0xz  T_3.10, 4;
    %load/vec4 v0000019f06502480_0;
    %pad/u 32;
    %load/vec4 v0000019f06501260_0;
    %pad/u 32;
    %load/vec4 v0000019f06501260_0;
    %pad/u 32;
    %ix/load 4, 1, 0;
    %flag_set/imm 4, 0;
    %shiftr 4;
    %add;
    %subi 1, 0, 32;
    %cmp/e;
    %jmp/0xz  T_3.12, 4;
    %load/vec4 v0000019f06501300_0;
    %ix/load 5, 0, 0;
    %ix/getv 4, v0000019f06501ee0_0;
    %assign/vec4/off/d v0000019f065028e0_0, 4, 5;
    %load/vec4 v0000019f06501ee0_0;
    %addi 1, 0, 4;
    %assign/vec4 v0000019f06501ee0_0, 0;
    %pushi/vec4 0, 0, 16;
    %assign/vec4 v0000019f06502480_0, 0;
    %jmp T_3.13;
T_3.12 ;
    %load/vec4 v0000019f06502480_0;
    %addi 1, 0, 16;
    %assign/vec4 v0000019f06502480_0, 0;
T_3.13 ;
    %jmp T_3.11;
T_3.10 ;
    %load/vec4 v0000019f06501ee0_0;
    %cmpi/u 7, 0, 4;
    %flag_or 5, 4;
    %jmp/0xz  T_3.14, 5;
    %load/vec4 v0000019f06502480_0;
    %pad/u 32;
    %load/vec4 v0000019f06501260_0;
    %pad/u 32;
    %subi 1, 0, 32;
    %cmp/e;
    %jmp/0xz  T_3.16, 4;
    %load/vec4 v0000019f06501300_0;
    %ix/load 5, 0, 0;
    %ix/getv 4, v0000019f06501ee0_0;
    %assign/vec4/off/d v0000019f065028e0_0, 4, 5;
    %load/vec4 v0000019f06501ee0_0;
    %addi 1, 0, 4;
    %assign/vec4 v0000019f06501ee0_0, 0;
    %pushi/vec4 0, 0, 16;
    %assign/vec4 v0000019f06502480_0, 0;
    %jmp T_3.17;
T_3.16 ;
    %load/vec4 v0000019f06502480_0;
    %addi 1, 0, 16;
    %assign/vec4 v0000019f06502480_0, 0;
T_3.17 ;
    %jmp T_3.15;
T_3.14 ;
    %load/vec4 v0000019f06502480_0;
    %pad/u 32;
    %load/vec4 v0000019f06501260_0;
    %pad/u 32;
    %subi 1, 0, 32;
    %cmp/e;
    %jmp/0xz  T_3.18, 4;
    %load/vec4 v0000019f06501300_0;
    %flag_set/vec4 8;
    %jmp/0xz  T_3.20, 8;
    %pushi/vec4 0, 0, 4;
    %assign/vec4 v0000019f06501ee0_0, 0;
    %pushi/vec4 0, 0, 1;
    %assign/vec4 v0000019f065027a0_0, 0;
    %pushi/vec4 1, 0, 1;
    %assign/vec4 v0000019f06500e00_0, 0;
    %jmp T_3.21;
T_3.20 ;
    %pushi/vec4 0, 0, 4;
    %assign/vec4 v0000019f06501ee0_0, 0;
    %pushi/vec4 0, 0, 1;
    %assign/vec4 v0000019f065027a0_0, 0;
    %pushi/vec4 1, 0, 1;
    %assign/vec4 v0000019f065023e0_0, 0;
T_3.21 ;
    %pushi/vec4 0, 0, 16;
    %assign/vec4 v0000019f06502480_0, 0;
    %jmp T_3.19;
T_3.18 ;
    %load/vec4 v0000019f06502480_0;
    %addi 1, 0, 16;
    %assign/vec4 v0000019f06502480_0, 0;
T_3.19 ;
T_3.15 ;
T_3.11 ;
    %jmp T_3.9;
T_3.8 ;
    %pushi/vec4 0, 0, 4;
    %assign/vec4 v0000019f06501ee0_0, 0;
    %pushi/vec4 0, 0, 1;
    %assign/vec4 v0000019f065027a0_0, 0;
    %pushi/vec4 1, 0, 1;
    %assign/vec4 v0000019f065023e0_0, 0;
    %pushi/vec4 0, 0, 16;
    %assign/vec4 v0000019f06502480_0, 0;
T_3.9 ;
T_3.6 ;
T_3.3 ;
T_3.1 ;
    %jmp T_3;
    .thread T_3;
    .scope S_0000019f064af2c0;
T_4 ;
    %pushi/vec4 0, 0, 1;
    %store/vec4 v0000019f065043f0_0, 0, 1;
    %end;
    .thread T_4;
    .scope S_0000019f064af2c0;
T_5 ;
    %delay 5000, 0;
    %load/vec4 v0000019f065043f0_0;
    %inv;
    %store/vec4 v0000019f065043f0_0, 0, 1;
    %jmp T_5;
    .thread T_5;
    .scope S_0000019f064af2c0;
T_6 ;
    %vpi_call 2 30 "$dumpfile", "uart_main.vcd" {0 0 0};
    %vpi_call 2 31 "$dumpvars", 32'sb00000000000000000000000000000000, S_0000019f064af2c0 {0 0 0};
    %pushi/vec4 1, 0, 1;
    %store/vec4 v0000019f065033b0_0, 0, 1;
    %pushi/vec4 0, 0, 1;
    %store/vec4 v0000019f065036d0_0, 0, 1;
    %pushi/vec4 0, 0, 1;
    %store/vec4 v0000019f065045d0_0, 0, 1;
    %pushi/vec4 0, 0, 2;
    %store/vec4 v0000019f06503310_0, 0, 2;
    %pushi/vec4 0, 0, 8;
    %store/vec4 v0000019f06502b90_0, 0, 8;
    %delay 20000, 0;
    %pushi/vec4 0, 0, 1;
    %store/vec4 v0000019f065033b0_0, 0, 1;
    %wait E_0000019f064ae6a0;
    %pushi/vec4 1, 0, 1;
    %store/vec4 v0000019f065036d0_0, 0, 1;
    %pushi/vec4 1, 0, 2;
    %store/vec4 v0000019f06503310_0, 0, 2;
    %pushi/vec4 1, 0, 8;
    %store/vec4 v0000019f06502b90_0, 0, 8;
    %wait E_0000019f064ae6a0;
    %pushi/vec4 2, 0, 2;
    %store/vec4 v0000019f06503310_0, 0, 2;
    %pushi/vec4 0, 0, 8;
    %store/vec4 v0000019f06502b90_0, 0, 8;
    %wait E_0000019f064ae6a0;
    %pushi/vec4 3, 0, 2;
    %store/vec4 v0000019f06503310_0, 0, 2;
    %pushi/vec4 7, 0, 8;
    %store/vec4 v0000019f06502b90_0, 0, 8;
    %wait E_0000019f064ae6a0;
    %pushi/vec4 0, 0, 2;
    %store/vec4 v0000019f06503310_0, 0, 2;
    %pushi/vec4 165, 0, 8;
    %store/vec4 v0000019f06502b90_0, 0, 8;
    %wait E_0000019f064ae6a0;
    %pushi/vec4 0, 0, 1;
    %store/vec4 v0000019f065036d0_0, 0, 1;
    %delay 200000, 0;
    %wait E_0000019f064ae6a0;
    %pushi/vec4 1, 0, 1;
    %store/vec4 v0000019f065045d0_0, 0, 1;
    %pushi/vec4 0, 0, 2;
    %store/vec4 v0000019f06503310_0, 0, 2;
    %wait E_0000019f064ae6a0;
    %pushi/vec4 0, 0, 1;
    %store/vec4 v0000019f065045d0_0, 0, 1;
    %delay 50000, 0;
    %vpi_call 2 90 "$finish" {0 0 0};
    %end;
    .thread T_6;
# The file index is used to find the file name in the following table.
:file_names 8;
    "N/A";
    "<interactive>";
    "maintb.v";
    "main.v";
    "baudGen.v";
    "registers.v";
    "receiver.v";
    "transmitter.v";
